0 info it worked if it ends with ok
1 verbose cli [ 'node', '/usr/local/bin/npm', 'run', 'build' ]
2 info using npm@1.4.28
3 info using node@v0.10.32
4 verbose run-script [ 'prebuild', 'build', 'postbuild' ]
5 info prebuild market-maker@0.1.1
6 info build market-maker@0.1.1
7 verbose unsafe-perm in lifecycle true
8 info market-maker@0.1.1 Failed to exec build script
9 error market-maker@0.1.1 build: `gulp`
9 error Exit status 8
10 error Failed at the market-maker@0.1.1 build script.
10 error This is most likely a problem with the market-maker package,
10 error not with npm itself.
10 error Tell the author that this fails on your system:
10 error     gulp
10 error You can get their info via:
10 error     npm owner ls market-maker
10 error There is likely additional logging output above.
11 error System Darwin 13.3.0
12 error command "node" "/usr/local/bin/npm" "run" "build"
13 error cwd /Users/stevenzeiler/github/stevenzeiler/market-maker
14 error node -v v0.10.32
15 error npm -v 1.4.28
16 error code ELIFECYCLE
17 verbose exit [ 1, true ]
